<?xml version="1.0" encoding="UTF-8"?>
<!-- Generated by org.testng.reporters.JUnitReportReporter -->
<testsuite hostname="LAPTOP-R86UL7UU" failures="0" tests="1" name="AlMosafer" time="5.263" errors="0" timestamp="2023-09-23T23:09:22 AST" skipped="0">
  <testcase classname="AlMosafer" name="myTest" time="5.263"/>
  <system-out/>
</testsuite> <!-- AlMosafer -->
