<?xml version="1.0" encoding="UTF-8"?>
<!-- Generated by org.testng.reporters.JUnitReportReporter -->
<testsuite hostname="LAPTOP-R86UL7UU" failures="0" tests="1" name="MyClass" time="0.005" errors="0" timestamp="2023-09-23T07:38:22 AST" skipped="0">
  <testcase classname="MyClass" name="myTest" time="0.005"/>
  <system-out/>
</testsuite> <!-- MyClass -->
